This is e-pTeX, Version 3.14159265-p3.7.1-161114-2.6 (utf8.sjis) (TeX Live 2016/W32TeX) (preloaded format=platex 2017.1.29)  8 FEB 2017 20:48
entering extended mode
 restricted \write18 enabled.
 %&-line parsing enabled.
**./chapter4.tex
(./chapter4.tex
pLaTeX2e <2016/11/29> (based on LaTeX2e <2017/01/01> patch level 1)
Babel <3.9r> and hyphenation patterns for 83 language(s) loaded.

! LaTeX Error: Environment table undefined.

See the LaTeX manual or LaTeX Companion for explanation.
Type  H <return>  for immediate help.
 ...                                              
                                                  
l.1  \begin{table}
                  
? 
! Emergency stop.
 ...                                              
                                                  
l.1  \begin{table}
                  
Your command was ignored.
Type  I <command> <return>  to replace it with another command,
or  <return>  to continue without it.

 
Here is how much of TeX's memory you used:
 7 strings out of 493671
 197 string characters out of 6151255
 54190 words of memory out of 5000000
 3679 multiletter control sequences out of 15000+600000
 7511 words of font info for 31 fonts, out of 8000000 for 9000
 929 hyphenation exceptions out of 8191
 5i,0n,4p,37b,16s stack positions out of 5000i,500n,10000p,500000b,80000s
No pages of output.
